[2025-10-29T23:02:01.288Z] SYNC LOG ROTATED: Previous 5010 lines moved to sync_history.log
[2025-10-29T23:02:01.290Z]    💾 SYNC: hs_number_of_call_engagements = "0" (string) → "0" (number)
[2025-10-29T23:02:01.290Z]    🔢 ZERO VALUE DETECTED: hs_number_of_inbound_calls = 0 (will be synced)
[2025-10-29T23:02:01.291Z]    💾 SYNC: hs_number_of_inbound_calls = "0" (string) → "0" (number)
[2025-10-29T23:02:01.291Z]    🔢 ZERO VALUE DETECTED: hs_number_of_outbound_calls = 0 (will be synced)
[2025-10-29T23:02:01.292Z]    💾 SYNC: hs_number_of_outbound_calls = "0" (string) → "0" (number)
[2025-10-29T23:02:01.292Z]    🔢 ZERO VALUE DETECTED: hs_number_of_overdue_tasks = 0 (will be synced)
[2025-10-29T23:02:01.293Z]    💾 SYNC: hs_number_of_overdue_tasks = "0" (string) → "0" (number)
[2025-10-29T23:02:01.299Z]    💾 SYNC: hs_projected_amount = "" (string) → "" (string)
[2025-10-29T23:02:01.300Z]    💾 SYNC: hs_projected_amount_in_home_currency = "" (string) → "" (string)
[2025-10-29T23:02:01.322Z] ✅ Saved deals 349432387828 (80 fields, 17 zero values)
[2025-10-29T23:02:01.324Z]    💾 SYNC: adjusted_amount = "89.9999999999999966693309261245303787291049957275390625000" (string) → "90" (number)
[2025-10-29T23:02:01.337Z]    🔢 ZERO VALUE DETECTED: hs_all_assigned_business_unit_ids = 0 (will be synced)
[2025-10-29T23:02:01.338Z]    💾 SYNC: hs_all_assigned_business_unit_ids = "0" (string) → "0" (number)
[2025-10-29T23:02:01.352Z]    🔢 ZERO VALUE DETECTED: hs_closed_amount = 0 (will be synced)
[2025-10-29T23:02:01.353Z]    💾 SYNC: hs_closed_amount = "0" (string) → "0" (number)
[2025-10-29T23:02:01.353Z]    🔢 ZERO VALUE DETECTED: hs_closed_amount_in_home_currency = 0 (will be synced)
[2025-10-29T23:02:01.354Z]    💾 SYNC: hs_closed_amount_in_home_currency = "0" (string) → "0" (number)
[2025-10-29T23:02:01.354Z]    🔢 ZERO VALUE DETECTED: hs_closed_deal_close_date = 0 (will be synced)
[2025-10-29T23:02:01.355Z]    💾 SYNC: hs_closed_deal_close_date = "0" (string) → "0" (number)
[2025-10-29T23:02:01.355Z]    🔢 ZERO VALUE DETECTED: hs_closed_deal_create_date = 0 (will be synced)
[2025-10-29T23:02:01.355Z]    💾 SYNC: hs_closed_deal_create_date = "0" (string) → "0" (number)
[2025-10-29T23:02:01.355Z]    🔢 ZERO VALUE DETECTED: hs_closed_won_count = 0 (will be synced)
[2025-10-29T23:02:01.356Z]    💾 SYNC: hs_closed_won_count = "0" (string) → "0" (number)
[2025-10-29T23:02:01.362Z]    🔢 ZERO VALUE DETECTED: hs_is_closed_count = 0 (will be synced)
[2025-10-29T23:02:01.363Z]    💾 SYNC: hs_is_closed_count = "0" (string) → "0" (number)
[2025-10-29T23:02:01.371Z]    🔢 ZERO VALUE DETECTED: hs_num_associated_active_deal_registrations = 0 (will be synced)
[2025-10-29T23:02:01.372Z]    💾 SYNC: hs_num_associated_active_deal_registrations = "0" (string) → "0" (number)
[2025-10-29T23:02:01.372Z]    🔢 ZERO VALUE DETECTED: hs_num_associated_deal_registrations = 0 (will be synced)
[2025-10-29T23:02:01.373Z]    💾 SYNC: hs_num_associated_deal_registrations = "0" (string) → "0" (number)
[2025-10-29T23:02:01.373Z]    🔢 ZERO VALUE DETECTED: hs_num_associated_deal_splits = 0 (will be synced)
[2025-10-29T23:02:01.373Z]    💾 SYNC: hs_num_associated_deal_splits = "0" (string) → "0" (number)
[2025-10-29T23:02:01.373Z]    🔢 ZERO VALUE DETECTED: hs_num_of_associated_line_items = 0 (will be synced)
[2025-10-29T23:02:01.374Z]    💾 SYNC: hs_num_of_associated_line_items = "0" (string) → "0" (number)
[2025-10-29T23:02:01.374Z]    🔢 ZERO VALUE DETECTED: hs_num_target_accounts = 0 (will be synced)
[2025-10-29T23:02:01.375Z]    💾 SYNC: hs_num_target_accounts = "0" (string) → "0" (number)
[2025-10-29T23:02:01.375Z]    🔢 ZERO VALUE DETECTED: hs_number_of_call_engagements = 0 (will be synced)
[2025-10-29T23:02:01.376Z]    💾 SYNC: hs_number_of_call_engagements = "0" (string) → "0" (number)
[2025-10-29T23:02:01.376Z]    🔢 ZERO VALUE DETECTED: hs_number_of_inbound_calls = 0 (will be synced)
[2025-10-29T23:02:01.377Z]    💾 SYNC: hs_number_of_inbound_calls = "0" (string) → "0" (number)
[2025-10-29T23:02:01.377Z]    🔢 ZERO VALUE DETECTED: hs_number_of_outbound_calls = 0 (will be synced)
[2025-10-29T23:02:01.378Z]    💾 SYNC: hs_number_of_outbound_calls = "0" (string) → "0" (number)
[2025-10-29T23:02:01.378Z]    🔢 ZERO VALUE DETECTED: hs_number_of_overdue_tasks = 0 (will be synced)
[2025-10-29T23:02:01.378Z]    💾 SYNC: hs_number_of_overdue_tasks = "0" (string) → "0" (number)
[2025-10-29T23:02:01.384Z]    💾 SYNC: hs_projected_amount = "" (string) → "" (string)
[2025-10-29T23:02:01.385Z]    💾 SYNC: hs_projected_amount_in_home_currency = "" (string) → "" (string)
[2025-10-29T23:02:01.409Z] ✅ Saved deals 347665023191 (87 fields, 16 zero values)
[2025-10-29T23:02:01.411Z]    💾 SYNC: adjusted_amount = "89.9999999999999966693309261245303787291049957275390625000" (string) → "90" (number)
[2025-10-29T23:02:01.415Z]    🔢 ZERO VALUE DETECTED: days_to_close = 0 (will be synced)
[2025-10-29T23:02:01.416Z]    💾 SYNC: days_to_close = "0" (string) → "0" (number)
[2025-10-29T23:02:01.435Z]    🔢 ZERO VALUE DETECTED: hs_closed_amount = 0 (will be synced)
[2025-10-29T23:02:01.436Z]    💾 SYNC: hs_closed_amount = "0" (string) → "0" (number)
[2025-10-29T23:02:01.436Z]    🔢 ZERO VALUE DETECTED: hs_closed_amount_in_home_currency = 0 (will be synced)
[2025-10-29T23:02:01.437Z]    💾 SYNC: hs_closed_amount_in_home_currency = "0" (string) → "0" (number)
[2025-10-29T23:02:01.437Z]    🔢 ZERO VALUE DETECTED: hs_closed_deal_close_date = 0 (will be synced)
[2025-10-29T23:02:01.438Z]    💾 SYNC: hs_closed_deal_close_date = "0" (string) → "0" (number)
[2025-10-29T23:02:01.438Z]    🔢 ZERO VALUE DETECTED: hs_closed_deal_create_date = 0 (will be synced)
[2025-10-29T23:02:01.439Z]    💾 SYNC: hs_closed_deal_create_date = "0" (string) → "0" (number)
[2025-10-29T23:02:01.439Z]    🔢 ZERO VALUE DETECTED: hs_closed_won_count = 0 (will be synced)
[2025-10-29T23:02:01.440Z]    💾 SYNC: hs_closed_won_count = "0" (string) → "0" (number)
[2025-10-29T23:02:01.441Z]    🔢 ZERO VALUE DETECTED: hs_days_to_close_raw = 0 (will be synced)
[2025-10-29T23:02:01.442Z]    💾 SYNC: hs_days_to_close_raw = "0" (string) → "0" (number)
[2025-10-29T23:02:01.446Z]    🔢 ZERO VALUE DETECTED: hs_is_closed_count = 0 (will be synced)
[2025-10-29T23:02:01.446Z]    💾 SYNC: hs_is_closed_count = "0" (string) → "0" (number)
[2025-10-29T23:02:01.454Z]    🔢 ZERO VALUE DETECTED: hs_num_associated_active_deal_registrations = 0 (will be synced)
[2025-10-29T23:02:01.455Z]    💾 SYNC: hs_num_associated_active_deal_registrations = "0" (string) → "0" (number)
[2025-10-29T23:02:01.455Z]    🔢 ZERO VALUE DETECTED: hs_num_associated_deal_registrations = 0 (will be synced)
[2025-10-29T23:02:01.457Z]    💾 SYNC: hs_num_associated_deal_registrations = "0" (string) → "0" (number)
[2025-10-29T23:02:01.457Z]    🔢 ZERO VALUE DETECTED: hs_num_associated_deal_splits = 0 (will be synced)
[2025-10-29T23:02:01.458Z]    💾 SYNC: hs_num_associated_deal_splits = "0" (string) → "0" (number)
[2025-10-29T23:02:01.458Z]    🔢 ZERO VALUE DETECTED: hs_num_of_associated_line_items = 0 (will be synced)
[2025-10-29T23:02:01.459Z]    💾 SYNC: hs_num_of_associated_line_items = "0" (string) → "0" (number)
[2025-10-29T23:02:01.459Z]    🔢 ZERO VALUE DETECTED: hs_num_target_accounts = 0 (will be synced)
[2025-10-29T23:02:01.460Z]    💾 SYNC: hs_num_target_accounts = "0" (string) → "0" (number)
[2025-10-29T23:02:01.461Z]    🔢 ZERO VALUE DETECTED: hs_number_of_call_engagements = 0 (will be synced)
[2025-10-29T23:02:01.462Z]    💾 SYNC: hs_number_of_call_engagements = "0" (string) → "0" (number)
[2025-10-29T23:02:01.462Z]    🔢 ZERO VALUE DETECTED: hs_number_of_inbound_calls = 0 (will be synced)
[2025-10-29T23:02:01.463Z]    💾 SYNC: hs_number_of_inbound_calls = "0" (string) → "0" (number)
[2025-10-29T23:02:01.463Z]    🔢 ZERO VALUE DETECTED: hs_number_of_outbound_calls = 0 (will be synced)
[2025-10-29T23:02:01.464Z]    💾 SYNC: hs_number_of_outbound_calls = "0" (string) → "0" (number)
[2025-10-29T23:02:01.464Z]    🔢 ZERO VALUE DETECTED: hs_number_of_overdue_tasks = 0 (will be synced)
[2025-10-29T23:02:01.465Z]    💾 SYNC: hs_number_of_overdue_tasks = "0" (string) → "0" (number)
[2025-10-29T23:02:01.471Z]    💾 SYNC: hs_projected_amount = "" (string) → "" (string)
[2025-10-29T23:02:01.472Z]    💾 SYNC: hs_projected_amount_in_home_currency = "" (string) → "" (string)
[2025-10-29T23:02:01.493Z] ✅ Saved deals 347126076603 (80 fields, 17 zero values)
[2025-10-29T23:02:01.496Z]    💾 SYNC: adjusted_amount = "89.9999999999999966693309261245303787291049957275390625000" (string) → "90" (number)
[2025-10-29T23:02:01.499Z]    🔢 ZERO VALUE DETECTED: days_to_close = 0 (will be synced)
[2025-10-29T23:02:01.500Z]    💾 SYNC: days_to_close = "0" (string) → "0" (number)
[2025-10-29T23:02:01.515Z]    🔢 ZERO VALUE DETECTED: hs_closed_amount = 0 (will be synced)
[2025-10-29T23:02:01.516Z]    💾 SYNC: hs_closed_amount = "0" (string) → "0" (number)
[2025-10-29T23:02:01.516Z]    🔢 ZERO VALUE DETECTED: hs_closed_amount_in_home_currency = 0 (will be synced)
[2025-10-29T23:02:01.517Z]    💾 SYNC: hs_closed_amount_in_home_currency = "0" (string) → "0" (number)
[2025-10-29T23:02:01.517Z]    🔢 ZERO VALUE DETECTED: hs_closed_deal_close_date = 0 (will be synced)
[2025-10-29T23:02:01.518Z]    💾 SYNC: hs_closed_deal_close_date = "0" (string) → "0" (number)
[2025-10-29T23:02:01.518Z]    🔢 ZERO VALUE DETECTED: hs_closed_deal_create_date = 0 (will be synced)
[2025-10-29T23:02:01.518Z]    💾 SYNC: hs_closed_deal_create_date = "0" (string) → "0" (number)
[2025-10-29T23:02:01.518Z]    🔢 ZERO VALUE DETECTED: hs_closed_won_count = 0 (will be synced)
[2025-10-29T23:02:01.519Z]    💾 SYNC: hs_closed_won_count = "0" (string) → "0" (number)
[2025-10-29T23:02:01.520Z]    🔢 ZERO VALUE DETECTED: hs_days_to_close_raw = 0 (will be synced)
[2025-10-29T23:02:01.521Z]    💾 SYNC: hs_days_to_close_raw = "0" (string) → "0" (number)
[2025-10-29T23:02:01.529Z]    🔢 ZERO VALUE DETECTED: hs_is_closed_count = 0 (will be synced)
[2025-10-29T23:02:01.530Z]    💾 SYNC: hs_is_closed_count = "0" (string) → "0" (number)
[2025-10-29T23:02:01.540Z]    🔢 ZERO VALUE DETECTED: hs_num_associated_active_deal_registrations = 0 (will be synced)
[2025-10-29T23:02:01.541Z]    💾 SYNC: hs_num_associated_active_deal_registrations = "0" (string) → "0" (number)
[2025-10-29T23:02:01.541Z]    🔢 ZERO VALUE DETECTED: hs_num_associated_deal_registrations = 0 (will be synced)
[2025-10-29T23:02:01.542Z]    💾 SYNC: hs_num_associated_deal_registrations = "0" (string) → "0" (number)
[2025-10-29T23:02:01.542Z]    🔢 ZERO VALUE DETECTED: hs_num_associated_deal_splits = 0 (will be synced)
[2025-10-29T23:02:01.543Z]    💾 SYNC: hs_num_associated_deal_splits = "0" (string) → "0" (number)
[2025-10-29T23:02:01.543Z]    🔢 ZERO VALUE DETECTED: hs_num_of_associated_line_items = 0 (will be synced)
[2025-10-29T23:02:01.544Z]    💾 SYNC: hs_num_of_associated_line_items = "0" (string) → "0" (number)
[2025-10-29T23:02:01.544Z]    🔢 ZERO VALUE DETECTED: hs_num_target_accounts = 0 (will be synced)
[2025-10-29T23:02:01.545Z]    💾 SYNC: hs_num_target_accounts = "0" (string) → "0" (number)
[2025-10-29T23:02:01.545Z]    🔢 ZERO VALUE DETECTED: hs_number_of_call_engagements = 0 (will be synced)
[2025-10-29T23:02:01.546Z]    💾 SYNC: hs_number_of_call_engagements = "0" (string) → "0" (number)
[2025-10-29T23:02:01.546Z]    🔢 ZERO VALUE DETECTED: hs_number_of_inbound_calls = 0 (will be synced)
[2025-10-29T23:02:01.547Z]    💾 SYNC: hs_number_of_inbound_calls = "0" (string) → "0" (number)
[2025-10-29T23:02:01.547Z]    🔢 ZERO VALUE DETECTED: hs_number_of_outbound_calls = 0 (will be synced)
[2025-10-29T23:02:01.548Z]    💾 SYNC: hs_number_of_outbound_calls = "0" (string) → "0" (number)
[2025-10-29T23:02:01.549Z]    🔢 ZERO VALUE DETECTED: hs_number_of_overdue_tasks = 0 (will be synced)
[2025-10-29T23:02:01.550Z]    💾 SYNC: hs_number_of_overdue_tasks = "0" (string) → "0" (number)
[2025-10-29T23:02:01.560Z]    💾 SYNC: hs_projected_amount = "" (string) → "" (string)
[2025-10-29T23:02:01.561Z]    💾 SYNC: hs_projected_amount_in_home_currency = "" (string) → "" (string)
[2025-10-29T23:02:01.585Z] ✅ Saved deals 346421155028 (80 fields, 17 zero values)
[2025-10-29T23:02:01.588Z]    💾 SYNC: adjusted_amount = "663.2000000000000368149954965701908804476261138916015625" (string) → "663.2" (number)
[2025-10-29T23:02:01.589Z]    💾 SYNC: amount = "829" (string) → "829" (number)
[2025-10-29T23:02:01.590Z]    💾 SYNC: amount_in_home_currency = "829.0" (string) → "829" (number)
[2025-10-29T23:02:01.605Z]    🔢 ZERO VALUE DETECTED: hs_all_assigned_business_unit_ids = 0 (will be synced)
[2025-10-29T23:02:01.606Z]    💾 SYNC: hs_all_assigned_business_unit_ids = "0" (string) → "0" (number)
[2025-10-29T23:02:01.620Z]    🔢 ZERO VALUE DETECTED: hs_closed_amount = 0 (will be synced)
[2025-10-29T23:02:01.621Z]    💾 SYNC: hs_closed_amount = "0" (string) → "0" (number)
[2025-10-29T23:02:01.621Z]    🔢 ZERO VALUE DETECTED: hs_closed_amount_in_home_currency = 0 (will be synced)
[2025-10-29T23:02:01.622Z]    💾 SYNC: hs_closed_amount_in_home_currency = "0" (string) → "0" (number)
[2025-10-29T23:02:01.622Z]    🔢 ZERO VALUE DETECTED: hs_closed_deal_close_date = 0 (will be synced)
[2025-10-29T23:02:01.623Z]    💾 SYNC: hs_closed_deal_close_date = "0" (string) → "0" (number)
[2025-10-29T23:02:01.623Z]    🔢 ZERO VALUE DETECTED: hs_closed_deal_create_date = 0 (will be synced)
[2025-10-29T23:02:01.625Z]    💾 SYNC: hs_closed_deal_create_date = "0" (string) → "0" (number)
[2025-10-29T23:02:01.625Z]    🔢 ZERO VALUE DETECTED: hs_closed_won_count = 0 (will be synced)
[2025-10-29T23:02:01.626Z]    💾 SYNC: hs_closed_won_count = "0" (string) → "0" (number)
[2025-10-29T23:02:01.633Z]    💾 SYNC: hs_forecast_amount = "829.0" (string) → "829" (number)
[2025-10-29T23:02:01.634Z]    🔢 ZERO VALUE DETECTED: hs_is_closed_count = 0 (will be synced)
[2025-10-29T23:02:01.636Z]    💾 SYNC: hs_is_closed_count = "0" (string) → "0" (number)
[2025-10-29T23:02:01.648Z]    🔢 ZERO VALUE DETECTED: hs_num_associated_active_deal_registrations = 0 (will be synced)
[2025-10-29T23:02:01.649Z]    💾 SYNC: hs_num_associated_active_deal_registrations = "0" (string) → "0" (number)
[2025-10-29T23:02:01.650Z]    🔢 ZERO VALUE DETECTED: hs_num_associated_deal_registrations = 0 (will be synced)
[2025-10-29T23:02:01.651Z]    💾 SYNC: hs_num_associated_deal_registrations = "0" (string) → "0" (number)
[2025-10-29T23:02:01.651Z]    🔢 ZERO VALUE DETECTED: hs_num_associated_deal_splits = 0 (will be synced)
[2025-10-29T23:02:01.652Z]    💾 SYNC: hs_num_associated_deal_splits = "0" (string) → "0" (number)
[2025-10-29T23:02:01.652Z]    🔢 ZERO VALUE DETECTED: hs_num_of_associated_line_items = 0 (will be synced)
[2025-10-29T23:02:01.653Z]    💾 SYNC: hs_num_of_associated_line_items = "0" (string) → "0" (number)
[2025-10-29T23:02:01.653Z]    🔢 ZERO VALUE DETECTED: hs_num_target_accounts = 0 (will be synced)
[2025-10-29T23:02:01.655Z]    💾 SYNC: hs_num_target_accounts = "0" (string) → "0" (number)
[2025-10-29T23:02:01.655Z]    🔢 ZERO VALUE DETECTED: hs_number_of_call_engagements = 0 (will be synced)
[2025-10-29T23:02:01.656Z]    💾 SYNC: hs_number_of_call_engagements = "0" (string) → "0" (number)
[2025-10-29T23:02:01.656Z]    🔢 ZERO VALUE DETECTED: hs_number_of_inbound_calls = 0 (will be synced)
[2025-10-29T23:02:01.657Z]    💾 SYNC: hs_number_of_inbound_calls = "0" (string) → "0" (number)
[2025-10-29T23:02:01.658Z]    🔢 ZERO VALUE DETECTED: hs_number_of_outbound_calls = 0 (will be synced)
[2025-10-29T23:02:01.659Z]    💾 SYNC: hs_number_of_outbound_calls = "0" (string) → "0" (number)
[2025-10-29T23:02:01.659Z]    🔢 ZERO VALUE DETECTED: hs_number_of_overdue_tasks = 0 (will be synced)
[2025-10-29T23:02:01.660Z]    💾 SYNC: hs_number_of_overdue_tasks = "0" (string) → "0" (number)
[2025-10-29T23:02:01.666Z]    💾 SYNC: hs_open_amount_in_home_currency = "829.0" (string) → "829" (number)
[2025-10-29T23:02:01.668Z]    💾 SYNC: hs_projected_amount = "663.2000000000000368149954965701908804476261138916015625" (string) → "663.2" (number)
[2025-10-29T23:02:01.670Z]    💾 SYNC: hs_projected_amount_in_home_currency = "663.20000000000003681499549657019088044762611389160156250" (string) → "663.2" (number)
[2025-10-29T23:02:01.711Z] ✅ Saved deals 340035151068 (114 fields, 16 zero values)
[2025-10-29T23:02:01.714Z]    💾 SYNC: adjusted_amount = "100.0000000000000055511151231257827021181583404541015625000" (string) → "100" (number)
[2025-10-29T23:02:01.716Z]    🔢 ZERO VALUE DETECTED: days_to_close = 0 (will be synced)
[2025-10-29T23:02:01.717Z]    💾 SYNC: days_to_close = "0" (string) → "0" (number)
[2025-10-29T23:02:01.731Z]    🔢 ZERO VALUE DETECTED: hs_closed_amount = 0 (will be synced)
[2025-10-29T23:02:01.732Z]    💾 SYNC: hs_closed_amount = "0" (string) → "0" (number)
[2025-10-29T23:02:01.732Z]    🔢 ZERO VALUE DETECTED: hs_closed_amount_in_home_currency = 0 (will be synced)
[2025-10-29T23:02:01.733Z]    💾 SYNC: hs_closed_amount_in_home_currency = "0" (string) → "0" (number)
[2025-10-29T23:02:01.734Z]    🔢 ZERO VALUE DETECTED: hs_closed_deal_close_date = 0 (will be synced)
[2025-10-29T23:02:01.734Z]    💾 SYNC: hs_closed_deal_close_date = "0" (string) → "0" (number)
[2025-10-29T23:02:01.735Z]    🔢 ZERO VALUE DETECTED: hs_closed_deal_create_date = 0 (will be synced)
[2025-10-29T23:02:01.735Z]    💾 SYNC: hs_closed_deal_create_date = "0" (string) → "0" (number)
[2025-10-29T23:02:01.736Z]    🔢 ZERO VALUE DETECTED: hs_closed_won_count = 0 (will be synced)
[2025-10-29T23:02:01.736Z]    💾 SYNC: hs_closed_won_count = "0" (string) → "0" (number)
[2025-10-29T23:02:01.737Z]    🔢 ZERO VALUE DETECTED: hs_days_to_close_raw = 0 (will be synced)
[2025-10-29T23:02:01.738Z]    💾 SYNC: hs_days_to_close_raw = "0" (string) → "0" (number)
[2025-10-29T23:02:01.742Z]    🔢 ZERO VALUE DETECTED: hs_is_closed_count = 0 (will be synced)
[2025-10-29T23:02:01.742Z]    💾 SYNC: hs_is_closed_count = "0" (string) → "0" (number)
[2025-10-29T23:02:01.750Z]    🔢 ZERO VALUE DETECTED: hs_num_associated_active_deal_registrations = 0 (will be synced)
[2025-10-29T23:02:01.751Z]    💾 SYNC: hs_num_associated_active_deal_registrations = "0" (string) → "0" (number)
[2025-10-29T23:02:01.751Z]    🔢 ZERO VALUE DETECTED: hs_num_associated_deal_registrations = 0 (will be synced)
[2025-10-29T23:02:01.751Z]    💾 SYNC: hs_num_associated_deal_registrations = "0" (string) → "0" (number)
[2025-10-29T23:02:01.752Z]    🔢 ZERO VALUE DETECTED: hs_num_associated_deal_splits = 0 (will be synced)
[2025-10-29T23:02:01.752Z]    💾 SYNC: hs_num_associated_deal_splits = "0" (string) → "0" (number)
[2025-10-29T23:02:01.753Z]    🔢 ZERO VALUE DETECTED: hs_num_of_associated_line_items = 0 (will be synced)
[2025-10-29T23:02:01.753Z]    💾 SYNC: hs_num_of_associated_line_items = "0" (string) → "0" (number)
[2025-10-29T23:02:01.754Z]    🔢 ZERO VALUE DETECTED: hs_num_target_accounts = 0 (will be synced)
[2025-10-29T23:02:01.754Z]    💾 SYNC: hs_num_target_accounts = "0" (string) → "0" (number)
[2025-10-29T23:02:01.755Z]    🔢 ZERO VALUE DETECTED: hs_number_of_call_engagements = 0 (will be synced)
[2025-10-29T23:02:01.756Z]    💾 SYNC: hs_number_of_call_engagements = "0" (string) → "0" (number)
[2025-10-29T23:02:01.756Z]    🔢 ZERO VALUE DETECTED: hs_number_of_inbound_calls = 0 (will be synced)
[2025-10-29T23:02:01.757Z]    💾 SYNC: hs_number_of_inbound_calls = "0" (string) → "0" (number)
[2025-10-29T23:02:01.757Z]    🔢 ZERO VALUE DETECTED: hs_number_of_outbound_calls = 0 (will be synced)
[2025-10-29T23:02:01.758Z]    💾 SYNC: hs_number_of_outbound_calls = "0" (string) → "0" (number)
[2025-10-29T23:02:01.758Z]    🔢 ZERO VALUE DETECTED: hs_number_of_overdue_tasks = 0 (will be synced)
[2025-10-29T23:02:01.758Z]    💾 SYNC: hs_number_of_overdue_tasks = "0" (string) → "0" (number)
[2025-10-29T23:02:01.764Z]    💾 SYNC: hs_projected_amount = "" (string) → "" (string)
[2025-10-29T23:02:01.765Z]    💾 SYNC: hs_projected_amount_in_home_currency = "" (string) → "" (string)
[2025-10-29T23:02:01.787Z] ✅ Saved deals 339081318610 (85 fields, 17 zero values)
[2025-10-29T23:02:01.790Z]    💾 SYNC: adjusted_amount = "100.0000000000000055511151231257827021181583404541015625000" (string) → "100" (number)
[2025-10-29T23:02:01.793Z]    🔢 ZERO VALUE DETECTED: days_to_close = 0 (will be synced)
[2025-10-29T23:02:01.793Z]    💾 SYNC: days_to_close = "0" (string) → "0" (number)
[2025-10-29T23:02:01.811Z]    🔢 ZERO VALUE DETECTED: hs_closed_amount = 0 (will be synced)
[2025-10-29T23:02:01.812Z]    💾 SYNC: hs_closed_amount = "0" (string) → "0" (number)
[2025-10-29T23:02:01.812Z]    🔢 ZERO VALUE DETECTED: hs_closed_amount_in_home_currency = 0 (will be synced)
[2025-10-29T23:02:01.815Z]    💾 SYNC: hs_closed_amount_in_home_currency = "0" (string) → "0" (number)
[2025-10-29T23:02:01.815Z]    🔢 ZERO VALUE DETECTED: hs_closed_deal_close_date = 0 (will be synced)
[2025-10-29T23:02:01.816Z]    💾 SYNC: hs_closed_deal_close_date = "0" (string) → "0" (number)
[2025-10-29T23:02:01.816Z]    🔢 ZERO VALUE DETECTED: hs_closed_deal_create_date = 0 (will be synced)
[2025-10-29T23:02:01.817Z]    💾 SYNC: hs_closed_deal_create_date = "0" (string) → "0" (number)
[2025-10-29T23:02:01.817Z]    🔢 ZERO VALUE DETECTED: hs_closed_won_count = 0 (will be synced)
[2025-10-29T23:02:01.818Z]    💾 SYNC: hs_closed_won_count = "0" (string) → "0" (number)
[2025-10-29T23:02:01.819Z]    🔢 ZERO VALUE DETECTED: hs_days_to_close_raw = 0 (will be synced)
[2025-10-29T23:02:01.820Z]    💾 SYNC: hs_days_to_close_raw = "0" (string) → "0" (number)
[2025-10-29T23:02:01.826Z]    🔢 ZERO VALUE DETECTED: hs_is_closed_count = 0 (will be synced)
[2025-10-29T23:02:01.827Z]    💾 SYNC: hs_is_closed_count = "0" (string) → "0" (number)
[2025-10-29T23:02:01.837Z]    🔢 ZERO VALUE DETECTED: hs_num_associated_active_deal_registrations = 0 (will be synced)
[2025-10-29T23:02:01.838Z]    💾 SYNC: hs_num_associated_active_deal_registrations = "0" (string) → "0" (number)
[2025-10-29T23:02:01.838Z]    🔢 ZERO VALUE DETECTED: hs_num_associated_deal_registrations = 0 (will be synced)
[2025-10-29T23:02:01.839Z]    💾 SYNC: hs_num_associated_deal_registrations = "0" (string) → "0" (number)
[2025-10-29T23:02:01.839Z]    🔢 ZERO VALUE DETECTED: hs_num_associated_deal_splits = 0 (will be synced)
[2025-10-29T23:02:01.840Z]    💾 SYNC: hs_num_associated_deal_splits = "0" (string) → "0" (number)
[2025-10-29T23:02:01.840Z]    🔢 ZERO VALUE DETECTED: hs_num_of_associated_line_items = 0 (will be synced)
[2025-10-29T23:02:01.841Z]    💾 SYNC: hs_num_of_associated_line_items = "0" (string) → "0" (number)
[2025-10-29T23:02:01.841Z]    🔢 ZERO VALUE DETECTED: hs_num_target_accounts = 0 (will be synced)
[2025-10-29T23:02:01.842Z]    💾 SYNC: hs_num_target_accounts = "0" (string) → "0" (number)
[2025-10-29T23:02:01.842Z]    🔢 ZERO VALUE DETECTED: hs_number_of_call_engagements = 0 (will be synced)
[2025-10-29T23:02:01.843Z]    💾 SYNC: hs_number_of_call_engagements = "0" (string) → "0" (number)
[2025-10-29T23:02:01.843Z]    🔢 ZERO VALUE DETECTED: hs_number_of_inbound_calls = 0 (will be synced)
[2025-10-29T23:02:01.844Z]    💾 SYNC: hs_number_of_inbound_calls = "0" (string) → "0" (number)
[2025-10-29T23:02:01.844Z]    🔢 ZERO VALUE DETECTED: hs_number_of_outbound_calls = 0 (will be synced)
[2025-10-29T23:02:01.845Z]    💾 SYNC: hs_number_of_outbound_calls = "0" (string) → "0" (number)
[2025-10-29T23:02:01.845Z]    🔢 ZERO VALUE DETECTED: hs_number_of_overdue_tasks = 0 (will be synced)
[2025-10-29T23:02:01.845Z]    💾 SYNC: hs_number_of_overdue_tasks = "0" (string) → "0" (number)
[2025-10-29T23:02:01.850Z]    💾 SYNC: hs_projected_amount = "" (string) → "" (string)
[2025-10-29T23:02:01.851Z]    💾 SYNC: hs_projected_amount_in_home_currency = "" (string) → "" (string)
[2025-10-29T23:02:01.887Z] ✅ Saved deals 336526867681 (85 fields, 17 zero values)
[2025-10-29T23:02:01.892Z]    💾 SYNC: adjusted_amount = "100.0000000000000055511151231257827021181583404541015625000" (string) → "100" (number)
[2025-10-29T23:02:01.897Z]    🔢 ZERO VALUE DETECTED: days_to_close = 0 (will be synced)
[2025-10-29T23:02:01.898Z]    💾 SYNC: days_to_close = "0" (string) → "0" (number)
[2025-10-29T23:02:01.915Z]    🔢 ZERO VALUE DETECTED: hs_closed_amount = 0 (will be synced)
[2025-10-29T23:02:01.916Z]    💾 SYNC: hs_closed_amount = "0" (string) → "0" (number)
[2025-10-29T23:02:01.916Z]    🔢 ZERO VALUE DETECTED: hs_closed_amount_in_home_currency = 0 (will be synced)
[2025-10-29T23:02:01.917Z]    💾 SYNC: hs_closed_amount_in_home_currency = "0" (string) → "0" (number)
[2025-10-29T23:02:01.917Z]    🔢 ZERO VALUE DETECTED: hs_closed_deal_close_date = 0 (will be synced)
[2025-10-29T23:02:01.918Z]    💾 SYNC: hs_closed_deal_close_date = "0" (string) → "0" (number)
[2025-10-29T23:02:01.918Z]    🔢 ZERO VALUE DETECTED: hs_closed_deal_create_date = 0 (will be synced)
[2025-10-29T23:02:01.919Z]    💾 SYNC: hs_closed_deal_create_date = "0" (string) → "0" (number)
[2025-10-29T23:02:01.919Z]    🔢 ZERO VALUE DETECTED: hs_closed_won_count = 0 (will be synced)
[2025-10-29T23:02:01.920Z]    💾 SYNC: hs_closed_won_count = "0" (string) → "0" (number)
[2025-10-29T23:02:01.920Z]    🔢 ZERO VALUE DETECTED: hs_days_to_close_raw = 0 (will be synced)
[2025-10-29T23:02:01.922Z]    💾 SYNC: hs_days_to_close_raw = "0" (string) → "0" (number)
[2025-10-29T23:02:01.927Z]    🔢 ZERO VALUE DETECTED: hs_is_closed_count = 0 (will be synced)
[2025-10-29T23:02:01.928Z]    💾 SYNC: hs_is_closed_count = "0" (string) → "0" (number)
[2025-10-29T23:02:01.939Z]    🔢 ZERO VALUE DETECTED: hs_num_associated_active_deal_registrations = 0 (will be synced)
[2025-10-29T23:02:01.940Z]    💾 SYNC: hs_num_associated_active_deal_registrations = "0" (string) → "0" (number)
[2025-10-29T23:02:01.940Z]    🔢 ZERO VALUE DETECTED: hs_num_associated_deal_registrations = 0 (will be synced)
[2025-10-29T23:02:01.940Z]    💾 SYNC: hs_num_associated_deal_registrations = "0" (string) → "0" (number)
[2025-10-29T23:02:01.940Z]    🔢 ZERO VALUE DETECTED: hs_num_associated_deal_splits = 0 (will be synced)
[2025-10-29T23:02:01.941Z]    💾 SYNC: hs_num_associated_deal_splits = "0" (string) → "0" (number)
[2025-10-29T23:02:01.941Z]    🔢 ZERO VALUE DETECTED: hs_num_of_associated_line_items = 0 (will be synced)
[2025-10-29T23:02:01.942Z]    💾 SYNC: hs_num_of_associated_line_items = "0" (string) → "0" (number)
[2025-10-29T23:02:01.942Z]    🔢 ZERO VALUE DETECTED: hs_num_target_accounts = 0 (will be synced)
[2025-10-29T23:02:01.943Z]    💾 SYNC: hs_num_target_accounts = "0" (string) → "0" (number)
[2025-10-29T23:02:01.943Z]    🔢 ZERO VALUE DETECTED: hs_number_of_call_engagements = 0 (will be synced)
[2025-10-29T23:02:01.943Z]    💾 SYNC: hs_number_of_call_engagements = "0" (string) → "0" (number)
[2025-10-29T23:02:01.943Z]    🔢 ZERO VALUE DETECTED: hs_number_of_inbound_calls = 0 (will be synced)
[2025-10-29T23:02:01.944Z]    💾 SYNC: hs_number_of_inbound_calls = "0" (string) → "0" (number)
[2025-10-29T23:02:01.944Z]    🔢 ZERO VALUE DETECTED: hs_number_of_outbound_calls = 0 (will be synced)
[2025-10-29T23:02:01.945Z]    💾 SYNC: hs_number_of_outbound_calls = "0" (string) → "0" (number)
[2025-10-29T23:02:01.945Z]    🔢 ZERO VALUE DETECTED: hs_number_of_overdue_tasks = 0 (will be synced)
[2025-10-29T23:02:01.946Z]    💾 SYNC: hs_number_of_overdue_tasks = "0" (string) → "0" (number)
[2025-10-29T23:02:01.952Z]    💾 SYNC: hs_projected_amount = "" (string) → "" (string)
[2025-10-29T23:02:01.953Z]    💾 SYNC: hs_projected_amount_in_home_currency = "" (string) → "" (string)
[2025-10-29T23:02:01.997Z] ✅ Saved deals 343837755589 (87 fields, 17 zero values)
[2025-10-29T23:02:02.000Z]    💾 SYNC: adjusted_amount = "100.0000000000000055511151231257827021181583404541015625000" (string) → "100" (number)
[2025-10-29T23:02:02.003Z]    🔢 ZERO VALUE DETECTED: days_to_close = 0 (will be synced)
[2025-10-29T23:02:02.004Z]    💾 SYNC: days_to_close = "0" (string) → "0" (number)
[2025-10-29T23:02:02.018Z]    🔢 ZERO VALUE DETECTED: hs_closed_amount = 0 (will be synced)
[2025-10-29T23:02:02.019Z]    💾 SYNC: hs_closed_amount = "0" (string) → "0" (number)
[2025-10-29T23:02:02.019Z]    🔢 ZERO VALUE DETECTED: hs_closed_amount_in_home_currency = 0 (will be synced)
[2025-10-29T23:02:02.020Z]    💾 SYNC: hs_closed_amount_in_home_currency = "0" (string) → "0" (number)
[2025-10-29T23:02:02.020Z]    🔢 ZERO VALUE DETECTED: hs_closed_deal_close_date = 0 (will be synced)
[2025-10-29T23:02:02.021Z]    💾 SYNC: hs_closed_deal_close_date = "0" (string) → "0" (number)
[2025-10-29T23:02:02.022Z]    🔢 ZERO VALUE DETECTED: hs_closed_deal_create_date = 0 (will be synced)
[2025-10-29T23:02:02.023Z]    💾 SYNC: hs_closed_deal_create_date = "0" (string) → "0" (number)
[2025-10-29T23:02:02.023Z]    🔢 ZERO VALUE DETECTED: hs_closed_won_count = 0 (will be synced)
[2025-10-29T23:02:02.024Z]    💾 SYNC: hs_closed_won_count = "0" (string) → "0" (number)
[2025-10-29T23:02:02.025Z]    🔢 ZERO VALUE DETECTED: hs_days_to_close_raw = 0 (will be synced)
[2025-10-29T23:02:02.026Z]    💾 SYNC: hs_days_to_close_raw = "0" (string) → "0" (number)
[2025-10-29T23:02:02.031Z]    🔢 ZERO VALUE DETECTED: hs_is_closed_count = 0 (will be synced)
[2025-10-29T23:02:02.032Z]    💾 SYNC: hs_is_closed_count = "0" (string) → "0" (number)
[2025-10-29T23:02:02.041Z]    🔢 ZERO VALUE DETECTED: hs_num_associated_active_deal_registrations = 0 (will be synced)
[2025-10-29T23:02:02.042Z]    💾 SYNC: hs_num_associated_active_deal_registrations = "0" (string) → "0" (number)
[2025-10-29T23:02:02.042Z]    🔢 ZERO VALUE DETECTED: hs_num_associated_deal_registrations = 0 (will be synced)
[2025-10-29T23:02:02.043Z]    💾 SYNC: hs_num_associated_deal_registrations = "0" (string) → "0" (number)
[2025-10-29T23:02:02.043Z]    🔢 ZERO VALUE DETECTED: hs_num_associated_deal_splits = 0 (will be synced)
[2025-10-29T23:02:02.044Z]    💾 SYNC: hs_num_associated_deal_splits = "0" (string) → "0" (number)
[2025-10-29T23:02:02.044Z]    🔢 ZERO VALUE DETECTED: hs_num_of_associated_line_items = 0 (will be synced)
[2025-10-29T23:02:02.045Z]    💾 SYNC: hs_num_of_associated_line_items = "0" (string) → "0" (number)
[2025-10-29T23:02:02.045Z]    🔢 ZERO VALUE DETECTED: hs_num_target_accounts = 0 (will be synced)
[2025-10-29T23:02:02.046Z]    💾 SYNC: hs_num_target_accounts = "0" (string) → "0" (number)
[2025-10-29T23:02:02.046Z]    🔢 ZERO VALUE DETECTED: hs_number_of_call_engagements = 0 (will be synced)
[2025-10-29T23:02:02.047Z]    💾 SYNC: hs_number_of_call_engagements = "0" (string) → "0" (number)
[2025-10-29T23:02:02.047Z]    🔢 ZERO VALUE DETECTED: hs_number_of_inbound_calls = 0 (will be synced)
[2025-10-29T23:02:02.048Z]    💾 SYNC: hs_number_of_inbound_calls = "0" (string) → "0" (number)
[2025-10-29T23:02:02.048Z]    🔢 ZERO VALUE DETECTED: hs_number_of_outbound_calls = 0 (will be synced)
[2025-10-29T23:02:02.049Z]    💾 SYNC: hs_number_of_outbound_calls = "0" (string) → "0" (number)
[2025-10-29T23:02:02.049Z]    🔢 ZERO VALUE DETECTED: hs_number_of_overdue_tasks = 0 (will be synced)
[2025-10-29T23:02:02.050Z]    💾 SYNC: hs_number_of_overdue_tasks = "0" (string) → "0" (number)
[2025-10-29T23:02:02.055Z]    💾 SYNC: hs_projected_amount = "" (string) → "" (string)
[2025-10-29T23:02:02.056Z]    💾 SYNC: hs_projected_amount_in_home_currency = "" (string) → "" (string)
[2025-10-29T23:02:02.082Z] ✅ Saved deals 347804980444 (84 fields, 17 zero values)
[2025-10-29T23:02:02.085Z]    💾 SYNC: adjusted_amount = "270.000000000000017763568394002504646778106689453125000" (string) → "270" (number)
[2025-10-29T23:02:02.088Z]    🔢 ZERO VALUE DETECTED: days_to_close = 0 (will be synced)
[2025-10-29T23:02:02.089Z]    💾 SYNC: days_to_close = "0" (string) → "0" (number)
[2025-10-29T23:02:02.103Z]    🔢 ZERO VALUE DETECTED: hs_closed_amount = 0 (will be synced)
[2025-10-29T23:02:02.104Z]    💾 SYNC: hs_closed_amount = "0" (string) → "0" (number)
[2025-10-29T23:02:02.104Z]    🔢 ZERO VALUE DETECTED: hs_closed_amount_in_home_currency = 0 (will be synced)
[2025-10-29T23:02:02.105Z]    💾 SYNC: hs_closed_amount_in_home_currency = "0" (string) → "0" (number)
[2025-10-29T23:02:02.105Z]    🔢 ZERO VALUE DETECTED: hs_closed_deal_close_date = 0 (will be synced)
[2025-10-29T23:02:02.106Z]    💾 SYNC: hs_closed_deal_close_date = "0" (string) → "0" (number)
[2025-10-29T23:02:02.106Z]    🔢 ZERO VALUE DETECTED: hs_closed_deal_create_date = 0 (will be synced)
[2025-10-29T23:02:02.107Z]    💾 SYNC: hs_closed_deal_create_date = "0" (string) → "0" (number)
[2025-10-29T23:02:02.107Z]    🔢 ZERO VALUE DETECTED: hs_closed_won_count = 0 (will be synced)
[2025-10-29T23:02:02.108Z]    💾 SYNC: hs_closed_won_count = "0" (string) → "0" (number)
[2025-10-29T23:02:02.109Z]    🔢 ZERO VALUE DETECTED: hs_days_to_close_raw = 0 (will be synced)
[2025-10-29T23:02:02.110Z]    💾 SYNC: hs_days_to_close_raw = "0" (string) → "0" (number)
[2025-10-29T23:02:02.113Z]    🔢 ZERO VALUE DETECTED: hs_is_closed_count = 0 (will be synced)
[2025-10-29T23:02:02.113Z]    💾 SYNC: hs_is_closed_count = "0" (string) → "0" (number)
[2025-10-29T23:02:02.121Z]    🔢 ZERO VALUE DETECTED: hs_num_associated_active_deal_registrations = 0 (will be synced)
[2025-10-29T23:02:02.122Z]    💾 SYNC: hs_num_associated_active_deal_registrations = "0" (string) → "0" (number)
[2025-10-29T23:02:02.122Z]    🔢 ZERO VALUE DETECTED: hs_num_associated_deal_registrations = 0 (will be synced)
[2025-10-29T23:02:02.123Z]    💾 SYNC: hs_num_associated_deal_registrations = "0" (string) → "0" (number)
[2025-10-29T23:02:02.123Z]    🔢 ZERO VALUE DETECTED: hs_num_associated_deal_splits = 0 (will be synced)
[2025-10-29T23:02:02.124Z]    💾 SYNC: hs_num_associated_deal_splits = "0" (string) → "0" (number)
[2025-10-29T23:02:02.124Z]    🔢 ZERO VALUE DETECTED: hs_num_of_associated_line_items = 0 (will be synced)
[2025-10-29T23:02:02.126Z]    💾 SYNC: hs_num_of_associated_line_items = "0" (string) → "0" (number)
[2025-10-29T23:02:02.126Z]    🔢 ZERO VALUE DETECTED: hs_num_target_accounts = 0 (will be synced)
[2025-10-29T23:02:02.127Z]    💾 SYNC: hs_num_target_accounts = "0" (string) → "0" (number)
[2025-10-29T23:02:02.127Z]    🔢 ZERO VALUE DETECTED: hs_number_of_call_engagements = 0 (will be synced)
[2025-10-29T23:02:02.128Z]    💾 SYNC: hs_number_of_call_engagements = "0" (string) → "0" (number)
[2025-10-29T23:02:02.128Z]    🔢 ZERO VALUE DETECTED: hs_number_of_inbound_calls = 0 (will be synced)
[2025-10-29T23:02:02.129Z]    💾 SYNC: hs_number_of_inbound_calls = "0" (string) → "0" (number)
[2025-10-29T23:02:02.129Z]    🔢 ZERO VALUE DETECTED: hs_number_of_outbound_calls = 0 (will be synced)
[2025-10-29T23:02:02.130Z]    💾 SYNC: hs_number_of_outbound_calls = "0" (string) → "0" (number)
[2025-10-29T23:02:02.130Z]    🔢 ZERO VALUE DETECTED: hs_number_of_overdue_tasks = 0 (will be synced)
[2025-10-29T23:02:02.131Z]    💾 SYNC: hs_number_of_overdue_tasks = "0" (string) → "0" (number)
[2025-10-29T23:02:02.136Z]    💾 SYNC: hs_projected_amount = "" (string) → "" (string)
[2025-10-29T23:02:02.137Z]    💾 SYNC: hs_projected_amount_in_home_currency = "" (string) → "" (string)
[2025-10-29T23:02:02.166Z] ✅ Saved deals 347971207371 (83 fields, 17 zero values)
[2025-10-29T23:02:02.170Z]    💾 SYNC: adjusted_amount = "100.0000000000000055511151231257827021181583404541015625000" (string) → "100" (number)
[2025-10-29T23:02:02.173Z]    🔢 ZERO VALUE DETECTED: days_to_close = 0 (will be synced)
[2025-10-29T23:02:02.174Z]    💾 SYNC: days_to_close = "0" (string) → "0" (number)
[2025-10-29T23:02:02.193Z]    🔢 ZERO VALUE DETECTED: hs_closed_amount = 0 (will be synced)
[2025-10-29T23:02:02.194Z]    💾 SYNC: hs_closed_amount = "0" (string) → "0" (number)
[2025-10-29T23:02:02.194Z]    🔢 ZERO VALUE DETECTED: hs_closed_amount_in_home_currency = 0 (will be synced)
[2025-10-29T23:02:02.194Z]    💾 SYNC: hs_closed_amount_in_home_currency = "0" (string) → "0" (number)
[2025-10-29T23:02:02.194Z]    🔢 ZERO VALUE DETECTED: hs_closed_deal_close_date = 0 (will be synced)
[2025-10-29T23:02:02.196Z]    💾 SYNC: hs_closed_deal_close_date = "0" (string) → "0" (number)
[2025-10-29T23:02:02.196Z]    🔢 ZERO VALUE DETECTED: hs_closed_deal_create_date = 0 (will be synced)
[2025-10-29T23:02:02.196Z]    💾 SYNC: hs_closed_deal_create_date = "0" (string) → "0" (number)
[2025-10-29T23:02:02.197Z]    🔢 ZERO VALUE DETECTED: hs_closed_won_count = 0 (will be synced)
[2025-10-29T23:02:02.198Z]    💾 SYNC: hs_closed_won_count = "0" (string) → "0" (number)
[2025-10-29T23:02:02.198Z]    🔢 ZERO VALUE DETECTED: hs_days_to_close_raw = 0 (will be synced)
[2025-10-29T23:02:02.199Z]    💾 SYNC: hs_days_to_close_raw = "0" (string) → "0" (number)
[2025-10-29T23:02:02.203Z]    🔢 ZERO VALUE DETECTED: hs_is_closed_count = 0 (will be synced)
[2025-10-29T23:02:02.204Z]    💾 SYNC: hs_is_closed_count = "0" (string) → "0" (number)
[2025-10-29T23:02:02.214Z]    🔢 ZERO VALUE DETECTED: hs_num_associated_active_deal_registrations = 0 (will be synced)
[2025-10-29T23:02:02.215Z]    💾 SYNC: hs_num_associated_active_deal_registrations = "0" (string) → "0" (number)
[2025-10-29T23:02:02.216Z]    🔢 ZERO VALUE DETECTED: hs_num_associated_deal_registrations = 0 (will be synced)
[2025-10-29T23:02:02.217Z]    💾 SYNC: hs_num_associated_deal_registrations = "0" (string) → "0" (number)
[2025-10-29T23:02:02.217Z]    🔢 ZERO VALUE DETECTED: hs_num_associated_deal_splits = 0 (will be synced)
[2025-10-29T23:02:02.218Z]    💾 SYNC: hs_num_associated_deal_splits = "0" (string) → "0" (number)
[2025-10-29T23:02:02.218Z]    🔢 ZERO VALUE DETECTED: hs_num_of_associated_line_items = 0 (will be synced)
[2025-10-29T23:02:02.219Z]    💾 SYNC: hs_num_of_associated_line_items = "0" (string) → "0" (number)
[2025-10-29T23:02:02.220Z]    🔢 ZERO VALUE DETECTED: hs_num_target_accounts = 0 (will be synced)
[2025-10-29T23:02:02.221Z]    💾 SYNC: hs_num_target_accounts = "0" (string) → "0" (number)
[2025-10-29T23:02:02.221Z]    🔢 ZERO VALUE DETECTED: hs_number_of_call_engagements = 0 (will be synced)
[2025-10-29T23:02:02.222Z]    💾 SYNC: hs_number_of_call_engagements = "0" (string) → "0" (number)
[2025-10-29T23:02:02.222Z]    🔢 ZERO VALUE DETECTED: hs_number_of_inbound_calls = 0 (will be synced)
[2025-10-29T23:02:02.223Z]    💾 SYNC: hs_number_of_inbound_calls = "0" (string) → "0" (number)
[2025-10-29T23:02:02.223Z]    🔢 ZERO VALUE DETECTED: hs_number_of_outbound_calls = 0 (will be synced)
[2025-10-29T23:02:02.224Z]    💾 SYNC: hs_number_of_outbound_calls = "0" (string) → "0" (number)
[2025-10-29T23:02:02.224Z]    🔢 ZERO VALUE DETECTED: hs_number_of_overdue_tasks = 0 (will be synced)
[2025-10-29T23:02:02.225Z]    💾 SYNC: hs_number_of_overdue_tasks = "0" (string) → "0" (number)
[2025-10-29T23:02:02.231Z]    💾 SYNC: hs_projected_amount = "" (string) → "" (string)
[2025-10-29T23:02:02.232Z]    💾 SYNC: hs_projected_amount_in_home_currency = "" (string) → "" (string)
[2025-10-29T23:02:02.252Z] ✅ Saved deals 340680905953 (85 fields, 17 zero values)
[2025-10-29T23:02:02.254Z]    💾 SYNC: adjusted_amount = "89.9999999999999966693309261245303787291049957275390625000" (string) → "90" (number)
[2025-10-29T23:02:02.256Z]    🔢 ZERO VALUE DETECTED: days_to_close = 0 (will be synced)
[2025-10-29T23:02:02.257Z]    💾 SYNC: days_to_close = "0" (string) → "0" (number)
[2025-10-29T23:02:02.275Z]    🔢 ZERO VALUE DETECTED: hs_closed_amount = 0 (will be synced)
[2025-10-29T23:02:02.276Z]    💾 SYNC: hs_closed_amount = "0" (string) → "0" (number)
[2025-10-29T23:02:02.276Z]    🔢 ZERO VALUE DETECTED: hs_closed_amount_in_home_currency = 0 (will be synced)
[2025-10-29T23:02:02.278Z]    💾 SYNC: hs_closed_amount_in_home_currency = "0" (string) → "0" (number)
[2025-10-29T23:02:02.278Z]    🔢 ZERO VALUE DETECTED: hs_closed_deal_close_date = 0 (will be synced)
[2025-10-29T23:02:02.279Z]    💾 SYNC: hs_closed_deal_close_date = "0" (string) → "0" (number)
[2025-10-29T23:02:02.279Z]    🔢 ZERO VALUE DETECTED: hs_closed_deal_create_date = 0 (will be synced)
[2025-10-29T23:02:02.280Z]    💾 SYNC: hs_closed_deal_create_date = "0" (string) → "0" (number)
[2025-10-29T23:02:02.280Z]    🔢 ZERO VALUE DETECTED: hs_closed_won_count = 0 (will be synced)
[2025-10-29T23:02:02.281Z]    💾 SYNC: hs_closed_won_count = "0" (string) → "0" (number)
[2025-10-29T23:02:02.282Z]    🔢 ZERO VALUE DETECTED: hs_days_to_close_raw = 0 (will be synced)
[2025-10-29T23:02:02.284Z]    💾 SYNC: hs_days_to_close_raw = "0" (string) → "0" (number)
[2025-10-29T23:02:02.288Z]    🔢 ZERO VALUE DETECTED: hs_is_closed_count = 0 (will be synced)
[2025-10-29T23:02:02.289Z]    💾 SYNC: hs_is_closed_count = "0" (string) → "0" (number)
[2025-10-29T23:02:02.296Z]    🔢 ZERO VALUE DETECTED: hs_num_associated_active_deal_registrations = 0 (will be synced)
[2025-10-29T23:02:02.297Z]    💾 SYNC: hs_num_associated_active_deal_registrations = "0" (string) → "0" (number)
[2025-10-29T23:02:02.297Z]    🔢 ZERO VALUE DETECTED: hs_num_associated_deal_registrations = 0 (will be synced)
[2025-10-29T23:02:02.298Z]    💾 SYNC: hs_num_associated_deal_registrations = "0" (string) → "0" (number)
[2025-10-29T23:02:02.298Z]    🔢 ZERO VALUE DETECTED: hs_num_associated_deal_splits = 0 (will be synced)
[2025-10-29T23:02:02.299Z]    💾 SYNC: hs_num_associated_deal_splits = "0" (string) → "0" (number)
[2025-10-29T23:02:02.299Z]    🔢 ZERO VALUE DETECTED: hs_num_of_associated_line_items = 0 (will be synced)
[2025-10-29T23:02:02.300Z]    💾 SYNC: hs_num_of_associated_line_items = "0" (string) → "0" (number)
[2025-10-29T23:02:02.300Z]    🔢 ZERO VALUE DETECTED: hs_num_target_accounts = 0 (will be synced)
[2025-10-29T23:02:02.301Z]    💾 SYNC: hs_num_target_accounts = "0" (string) → "0" (number)
[2025-10-29T23:02:02.301Z]    🔢 ZERO VALUE DETECTED: hs_number_of_call_engagements = 0 (will be synced)
[2025-10-29T23:02:02.302Z]    💾 SYNC: hs_number_of_call_engagements = "0" (string) → "0" (number)
[2025-10-29T23:02:02.302Z]    🔢 ZERO VALUE DETECTED: hs_number_of_inbound_calls = 0 (will be synced)
[2025-10-29T23:02:02.303Z]    💾 SYNC: hs_number_of_inbound_calls = "0" (string) → "0" (number)
[2025-10-29T23:02:02.303Z]    🔢 ZERO VALUE DETECTED: hs_number_of_outbound_calls = 0 (will be synced)
[2025-10-29T23:02:02.304Z]    💾 SYNC: hs_number_of_outbound_calls = "0" (string) → "0" (number)
[2025-10-29T23:02:02.304Z]    🔢 ZERO VALUE DETECTED: hs_number_of_overdue_tasks = 0 (will be synced)
[2025-10-29T23:02:02.305Z]    💾 SYNC: hs_number_of_overdue_tasks = "0" (string) → "0" (number)
[2025-10-29T23:02:02.311Z]    💾 SYNC: hs_projected_amount = "" (string) → "" (string)
[2025-10-29T23:02:02.312Z]    💾 SYNC: hs_projected_amount_in_home_currency = "" (string) → "" (string)
[2025-10-29T23:02:02.327Z] ✅ Saved deals 341792795896 (80 fields, 17 zero values)
[2025-10-29T23:02:02.329Z]    💾 SYNC: adjusted_amount = "89.9999999999999966693309261245303787291049957275390625000" (string) → "90" (number)
[2025-10-29T23:02:02.331Z]    🔢 ZERO VALUE DETECTED: days_to_close = 0 (will be synced)
[2025-10-29T23:02:02.332Z]    💾 SYNC: days_to_close = "0" (string) → "0" (number)
[2025-10-29T23:02:02.348Z]    🔢 ZERO VALUE DETECTED: hs_closed_amount = 0 (will be synced)
[2025-10-29T23:02:02.349Z]    💾 SYNC: hs_closed_amount = "0" (string) → "0" (number)
[2025-10-29T23:02:02.349Z]    🔢 ZERO VALUE DETECTED: hs_closed_amount_in_home_currency = 0 (will be synced)
[2025-10-29T23:02:02.349Z]    💾 SYNC: hs_closed_amount_in_home_currency = "0" (string) → "0" (number)
[2025-10-29T23:02:02.349Z]    🔢 ZERO VALUE DETECTED: hs_closed_deal_close_date = 0 (will be synced)
[2025-10-29T23:02:02.350Z]    💾 SYNC: hs_closed_deal_close_date = "0" (string) → "0" (number)
[2025-10-29T23:02:02.350Z]    🔢 ZERO VALUE DETECTED: hs_closed_deal_create_date = 0 (will be synced)
[2025-10-29T23:02:02.351Z]    💾 SYNC: hs_closed_deal_create_date = "0" (string) → "0" (number)
[2025-10-29T23:02:02.351Z]    🔢 ZERO VALUE DETECTED: hs_closed_won_count = 0 (will be synced)
[2025-10-29T23:02:02.352Z]    💾 SYNC: hs_closed_won_count = "0" (string) → "0" (number)
[2025-10-29T23:02:02.353Z]    🔢 ZERO VALUE DETECTED: hs_days_to_close_raw = 0 (will be synced)
[2025-10-29T23:02:02.354Z]    💾 SYNC: hs_days_to_close_raw = "0" (string) → "0" (number)
[2025-10-29T23:02:02.357Z]    🔢 ZERO VALUE DETECTED: hs_is_closed_count = 0 (will be synced)
[2025-10-29T23:02:02.358Z]    💾 SYNC: hs_is_closed_count = "0" (string) → "0" (number)
[2025-10-29T23:02:02.365Z]    🔢 ZERO VALUE DETECTED: hs_num_associated_active_deal_registrations = 0 (will be synced)
[2025-10-29T23:02:02.366Z]    💾 SYNC: hs_num_associated_active_deal_registrations = "0" (string) → "0" (number)
[2025-10-29T23:02:02.366Z]    🔢 ZERO VALUE DETECTED: hs_num_associated_deal_registrations = 0 (will be synced)
[2025-10-29T23:02:02.367Z]    💾 SYNC: hs_num_associated_deal_registrations = "0" (string) → "0" (number)
[2025-10-29T23:02:02.367Z]    🔢 ZERO VALUE DETECTED: hs_num_associated_deal_splits = 0 (will be synced)
[2025-10-29T23:02:02.368Z]    💾 SYNC: hs_num_associated_deal_splits = "0" (string) → "0" (number)
[2025-10-29T23:02:02.368Z]    🔢 ZERO VALUE DETECTED: hs_num_of_associated_line_items = 0 (will be synced)
[2025-10-29T23:02:02.369Z]    💾 SYNC: hs_num_of_associated_line_items = "0" (string) → "0" (number)
[2025-10-29T23:02:02.369Z]    🔢 ZERO VALUE DETECTED: hs_num_target_accounts = 0 (will be synced)
[2025-10-29T23:02:02.370Z]    💾 SYNC: hs_num_target_accounts = "0" (string) → "0" (number)
[2025-10-29T23:02:02.370Z]    🔢 ZERO VALUE DETECTED: hs_number_of_call_engagements = 0 (will be synced)
[2025-10-29T23:02:02.370Z]    💾 SYNC: hs_number_of_call_engagements = "0" (string) → "0" (number)
[2025-10-29T23:02:02.370Z]    🔢 ZERO VALUE DETECTED: hs_number_of_inbound_calls = 0 (will be synced)
[2025-10-29T23:02:02.371Z]    💾 SYNC: hs_number_of_inbound_calls = "0" (string) → "0" (number)
[2025-10-29T23:02:02.371Z]    🔢 ZERO VALUE DETECTED: hs_number_of_outbound_calls = 0 (will be synced)
[2025-10-29T23:02:02.372Z]    💾 SYNC: hs_number_of_outbound_calls = "0" (string) → "0" (number)
[2025-10-29T23:02:02.372Z]    🔢 ZERO VALUE DETECTED: hs_number_of_overdue_tasks = 0 (will be synced)
[2025-10-29T23:02:02.373Z]    💾 SYNC: hs_number_of_overdue_tasks = "0" (string) → "0" (number)
[2025-10-29T23:02:02.379Z]    💾 SYNC: hs_projected_amount = "" (string) → "" (string)
[2025-10-29T23:02:02.380Z]    💾 SYNC: hs_projected_amount_in_home_currency = "" (string) → "" (string)
[2025-10-29T23:02:02.428Z] ✅ Saved deals 346734281933 (81 fields, 17 zero values)
[2025-10-29T23:02:02.430Z]    💾 SYNC: adjusted_amount = "89.9999999999999966693309261245303787291049957275390625000" (string) → "90" (number)
[2025-10-29T23:02:02.432Z]    🔢 ZERO VALUE DETECTED: days_to_close = 0 (will be synced)
[2025-10-29T23:02:02.433Z]    💾 SYNC: days_to_close = "0" (string) → "0" (number)
[2025-10-29T23:02:02.452Z]    🔢 ZERO VALUE DETECTED: hs_closed_amount = 0 (will be synced)
[2025-10-29T23:02:02.453Z]    💾 SYNC: hs_closed_amount = "0" (string) → "0" (number)
[2025-10-29T23:02:02.453Z]    🔢 ZERO VALUE DETECTED: hs_closed_amount_in_home_currency = 0 (will be synced)
[2025-10-29T23:02:02.455Z]    💾 SYNC: hs_closed_amount_in_home_currency = "0" (string) → "0" (number)
[2025-10-29T23:02:02.455Z]    🔢 ZERO VALUE DETECTED: hs_closed_deal_close_date = 0 (will be synced)
[2025-10-29T23:02:02.456Z]    💾 SYNC: hs_closed_deal_close_date = "0" (string) → "0" (number)
[2025-10-29T23:02:02.456Z]    🔢 ZERO VALUE DETECTED: hs_closed_deal_create_date = 0 (will be synced)
[2025-10-29T23:02:02.457Z]    💾 SYNC: hs_closed_deal_create_date = "0" (string) → "0" (number)
[2025-10-29T23:02:02.457Z]    🔢 ZERO VALUE DETECTED: hs_closed_won_count = 0 (will be synced)
[2025-10-29T23:02:02.458Z]    💾 SYNC: hs_closed_won_count = "0" (string) → "0" (number)
[2025-10-29T23:02:02.459Z]    🔢 ZERO VALUE DETECTED: hs_days_to_close_raw = 0 (will be synced)
[2025-10-29T23:02:02.460Z]    💾 SYNC: hs_days_to_close_raw = "0" (string) → "0" (number)
[2025-10-29T23:02:02.464Z]    🔢 ZERO VALUE DETECTED: hs_is_closed_count = 0 (will be synced)
[2025-10-29T23:02:02.465Z]    💾 SYNC: hs_is_closed_count = "0" (string) → "0" (number)
[2025-10-29T23:02:02.472Z]    🔢 ZERO VALUE DETECTED: hs_num_associated_active_deal_registrations = 0 (will be synced)
[2025-10-29T23:02:02.473Z]    💾 SYNC: hs_num_associated_active_deal_registrations = "0" (string) → "0" (number)
[2025-10-29T23:02:02.473Z]    🔢 ZERO VALUE DETECTED: hs_num_associated_deal_registrations = 0 (will be synced)
[2025-10-29T23:02:02.474Z]    💾 SYNC: hs_num_associated_deal_registrations = "0" (string) → "0" (number)
[2025-10-29T23:02:02.474Z]    🔢 ZERO VALUE DETECTED: hs_num_associated_deal_splits = 0 (will be synced)
[2025-10-29T23:02:02.475Z]    💾 SYNC: hs_num_associated_deal_splits = "0" (string) → "0" (number)
[2025-10-29T23:02:02.475Z]    🔢 ZERO VALUE DETECTED: hs_num_of_associated_line_items = 0 (will be synced)
[2025-10-29T23:02:02.476Z]    💾 SYNC: hs_num_of_associated_line_items = "0" (string) → "0" (number)
[2025-10-29T23:02:02.476Z]    🔢 ZERO VALUE DETECTED: hs_num_target_accounts = 0 (will be synced)
[2025-10-29T23:02:02.477Z]    💾 SYNC: hs_num_target_accounts = "0" (string) → "0" (number)
[2025-10-29T23:02:02.477Z]    🔢 ZERO VALUE DETECTED: hs_number_of_call_engagements = 0 (will be synced)
[2025-10-29T23:02:02.478Z]    💾 SYNC: hs_number_of_call_engagements = "0" (string) → "0" (number)
[2025-10-29T23:02:02.479Z]    🔢 ZERO VALUE DETECTED: hs_number_of_inbound_calls = 0 (will be synced)
[2025-10-29T23:02:02.480Z]    💾 SYNC: hs_number_of_inbound_calls = "0" (string) → "0" (number)
[2025-10-29T23:02:02.480Z]    🔢 ZERO VALUE DETECTED: hs_number_of_outbound_calls = 0 (will be synced)
[2025-10-29T23:02:02.481Z]    💾 SYNC: hs_number_of_outbound_calls = "0" (string) → "0" (number)
[2025-10-29T23:02:02.481Z]    🔢 ZERO VALUE DETECTED: hs_number_of_overdue_tasks = 0 (will be synced)
[2025-10-29T23:02:02.482Z]    💾 SYNC: hs_number_of_overdue_tasks = "0" (string) → "0" (number)
[2025-10-29T23:02:02.488Z]    💾 SYNC: hs_projected_amount = "" (string) → "" (string)
[2025-10-29T23:02:02.489Z]    💾 SYNC: hs_projected_amount_in_home_currency = "" (string) → "" (string)
[2025-10-29T23:02:02.507Z] ✅ Saved deals 343835067629 (80 fields, 17 zero values)
[2025-10-29T23:02:02.509Z]    💾 SYNC: adjusted_amount = "89.9999999999999966693309261245303787291049957275390625000" (string) → "90" (number)
[2025-10-29T23:02:02.511Z]    🔢 ZERO VALUE DETECTED: days_to_close = 0 (will be synced)
[2025-10-29T23:02:02.512Z]    💾 SYNC: days_to_close = "0" (string) → "0" (number)
[2025-10-29T23:02:02.527Z]    🔢 ZERO VALUE DETECTED: hs_closed_amount = 0 (will be synced)
[2025-10-29T23:02:02.528Z]    💾 SYNC: hs_closed_amount = "0" (string) → "0" (number)
[2025-10-29T23:02:02.528Z]    🔢 ZERO VALUE DETECTED: hs_closed_amount_in_home_currency = 0 (will be synced)
[2025-10-29T23:02:02.529Z]    💾 SYNC: hs_closed_amount_in_home_currency = "0" (string) → "0" (number)
[2025-10-29T23:02:02.529Z]    🔢 ZERO VALUE DETECTED: hs_closed_deal_close_date = 0 (will be synced)
[2025-10-29T23:02:02.531Z]    💾 SYNC: hs_closed_deal_close_date = "0" (string) → "0" (number)
[2025-10-29T23:02:02.531Z]    🔢 ZERO VALUE DETECTED: hs_closed_deal_create_date = 0 (will be synced)
[2025-10-29T23:02:02.532Z]    💾 SYNC: hs_closed_deal_create_date = "0" (string) → "0" (number)
[2025-10-29T23:02:02.532Z]    🔢 ZERO VALUE DETECTED: hs_closed_won_count = 0 (will be synced)
[2025-10-29T23:02:02.534Z]    💾 SYNC: hs_closed_won_count = "0" (string) → "0" (number)
[2025-10-29T23:02:02.535Z]    🔢 ZERO VALUE DETECTED: hs_days_to_close_raw = 0 (will be synced)
[2025-10-29T23:02:02.536Z]    💾 SYNC: hs_days_to_close_raw = "0" (string) → "0" (number)
[2025-10-29T23:02:02.539Z]    🔢 ZERO VALUE DETECTED: hs_is_closed_count = 0 (will be synced)
[2025-10-29T23:02:02.540Z]    💾 SYNC: hs_is_closed_count = "0" (string) → "0" (number)
[2025-10-29T23:02:02.549Z]    🔢 ZERO VALUE DETECTED: hs_num_associated_active_deal_registrations = 0 (will be synced)
[2025-10-29T23:02:02.550Z]    💾 SYNC: hs_num_associated_active_deal_registrations = "0" (string) → "0" (number)
[2025-10-29T23:02:02.550Z]    🔢 ZERO VALUE DETECTED: hs_num_associated_deal_registrations = 0 (will be synced)
[2025-10-29T23:02:02.551Z]    💾 SYNC: hs_num_associated_deal_registrations = "0" (string) → "0" (number)
[2025-10-29T23:02:02.551Z]    🔢 ZERO VALUE DETECTED: hs_num_associated_deal_splits = 0 (will be synced)
[2025-10-29T23:02:02.552Z]    💾 SYNC: hs_num_associated_deal_splits = "0" (string) → "0" (number)
[2025-10-29T23:02:02.552Z]    🔢 ZERO VALUE DETECTED: hs_num_of_associated_line_items = 0 (will be synced)
[2025-10-29T23:02:02.553Z]    💾 SYNC: hs_num_of_associated_line_items = "0" (string) → "0" (number)
[2025-10-29T23:02:02.553Z]    🔢 ZERO VALUE DETECTED: hs_num_target_accounts = 0 (will be synced)
[2025-10-29T23:02:02.554Z]    💾 SYNC: hs_num_target_accounts = "0" (string) → "0" (number)
[2025-10-29T23:02:02.554Z]    🔢 ZERO VALUE DETECTED: hs_number_of_call_engagements = 0 (will be synced)
[2025-10-29T23:02:02.555Z]    💾 SYNC: hs_number_of_call_engagements = "0" (string) → "0" (number)
[2025-10-29T23:02:02.555Z]    🔢 ZERO VALUE DETECTED: hs_number_of_inbound_calls = 0 (will be synced)
[2025-10-29T23:02:02.556Z]    💾 SYNC: hs_number_of_inbound_calls = "0" (string) → "0" (number)
[2025-10-29T23:02:02.556Z]    🔢 ZERO VALUE DETECTED: hs_number_of_outbound_calls = 0 (will be synced)
[2025-10-29T23:02:02.557Z]    💾 SYNC: hs_number_of_outbound_calls = "0" (string) → "0" (number)
[2025-10-29T23:02:02.557Z]    🔢 ZERO VALUE DETECTED: hs_number_of_overdue_tasks = 0 (will be synced)
[2025-10-29T23:02:02.558Z]    💾 SYNC: hs_number_of_overdue_tasks = "0" (string) → "0" (number)
[2025-10-29T23:02:02.566Z]    💾 SYNC: hs_projected_amount = "" (string) → "" (string)
[2025-10-29T23:02:02.567Z]    💾 SYNC: hs_projected_amount_in_home_currency = "" (string) → "" (string)
[2025-10-29T23:02:02.587Z] ✅ Saved deals 344872604861 (80 fields, 17 zero values)
[2025-10-29T23:02:02.589Z]    💾 SYNC: adjusted_amount = "270.000000000000017763568394002504646778106689453125000" (string) → "270" (number)
[2025-10-29T23:02:02.591Z]    🔢 ZERO VALUE DETECTED: days_to_close = 0 (will be synced)
[2025-10-29T23:02:02.592Z]    💾 SYNC: days_to_close = "0" (string) → "0" (number)
[2025-10-29T23:02:02.604Z]    🔢 ZERO VALUE DETECTED: hs_closed_amount = 0 (will be synced)
[2025-10-29T23:02:02.605Z]    💾 SYNC: hs_closed_amount = "0" (string) → "0" (number)
[2025-10-29T23:02:02.605Z]    🔢 ZERO VALUE DETECTED: hs_closed_amount_in_home_currency = 0 (will be synced)
[2025-10-29T23:02:02.606Z]    💾 SYNC: hs_closed_amount_in_home_currency = "0" (string) → "0" (number)
[2025-10-29T23:02:02.606Z]    🔢 ZERO VALUE DETECTED: hs_closed_deal_close_date = 0 (will be synced)
[2025-10-29T23:02:02.607Z]    💾 SYNC: hs_closed_deal_close_date = "0" (string) → "0" (number)
[2025-10-29T23:02:02.607Z]    🔢 ZERO VALUE DETECTED: hs_closed_deal_create_date = 0 (will be synced)
[2025-10-29T23:02:02.608Z]    💾 SYNC: hs_closed_deal_create_date = "0" (string) → "0" (number)
[2025-10-29T23:02:02.608Z]    🔢 ZERO VALUE DETECTED: hs_closed_won_count = 0 (will be synced)
[2025-10-29T23:02:02.609Z]    💾 SYNC: hs_closed_won_count = "0" (string) → "0" (number)
[2025-10-29T23:02:02.610Z]    🔢 ZERO VALUE DETECTED: hs_days_to_close_raw = 0 (will be synced)
[2025-10-29T23:02:02.611Z]    💾 SYNC: hs_days_to_close_raw = "0" (string) → "0" (number)
[2025-10-29T23:02:02.613Z]    🔢 ZERO VALUE DETECTED: hs_is_closed_count = 0 (will be synced)
[2025-10-29T23:02:02.614Z]    💾 SYNC: hs_is_closed_count = "0" (string) → "0" (number)
[2025-10-29T23:02:02.623Z]    🔢 ZERO VALUE DETECTED: hs_num_associated_active_deal_registrations = 0 (will be synced)
[2025-10-29T23:02:02.624Z]    💾 SYNC: hs_num_associated_active_deal_registrations = "0" (string) → "0" (number)
[2025-10-29T23:02:02.624Z]    🔢 ZERO VALUE DETECTED: hs_num_associated_deal_registrations = 0 (will be synced)
[2025-10-29T23:02:02.625Z]    💾 SYNC: hs_num_associated_deal_registrations = "0" (string) → "0" (number)
[2025-10-29T23:02:02.625Z]    🔢 ZERO VALUE DETECTED: hs_num_associated_deal_splits = 0 (will be synced)
[2025-10-29T23:02:02.626Z]    💾 SYNC: hs_num_associated_deal_splits = "0" (string) → "0" (number)
[2025-10-29T23:02:02.626Z]    🔢 ZERO VALUE DETECTED: hs_num_of_associated_line_items = 0 (will be synced)
[2025-10-29T23:02:02.627Z]    💾 SYNC: hs_num_of_associated_line_items = "0" (string) → "0" (number)
[2025-10-29T23:02:02.627Z]    🔢 ZERO VALUE DETECTED: hs_num_target_accounts = 0 (will be synced)
[2025-10-29T23:02:02.628Z]    💾 SYNC: hs_num_target_accounts = "0" (string) → "0" (number)
[2025-10-29T23:02:02.628Z]    🔢 ZERO VALUE DETECTED: hs_number_of_call_engagements = 0 (will be synced)
[2025-10-29T23:02:02.629Z]    💾 SYNC: hs_number_of_call_engagements = "0" (string) → "0" (number)
[2025-10-29T23:02:02.629Z]    🔢 ZERO VALUE DETECTED: hs_number_of_inbound_calls = 0 (will be synced)
[2025-10-29T23:02:02.631Z]    💾 SYNC: hs_number_of_inbound_calls = "0" (string) → "0" (number)
[2025-10-29T23:02:02.631Z]    🔢 ZERO VALUE DETECTED: hs_number_of_outbound_calls = 0 (will be synced)
[2025-10-29T23:02:02.632Z]    💾 SYNC: hs_number_of_outbound_calls = "0" (string) → "0" (number)
[2025-10-29T23:02:02.632Z]    🔢 ZERO VALUE DETECTED: hs_number_of_overdue_tasks = 0 (will be synced)
[2025-10-29T23:02:02.633Z]    💾 SYNC: hs_number_of_overdue_tasks = "0" (string) → "0" (number)
[2025-10-29T23:02:02.641Z]    💾 SYNC: hs_projected_amount = "" (string) → "" (string)
[2025-10-29T23:02:02.643Z]    💾 SYNC: hs_projected_amount_in_home_currency = "" (string) → "" (string)
[2025-10-29T23:02:02.676Z] ✅ Saved deals 349481270506 (89 fields, 17 zero values)
[2025-10-29T23:02:02.678Z]    💾 SYNC: adjusted_amount = "100.0000000000000055511151231257827021181583404541015625000" (string) → "100" (number)
[2025-10-29T23:02:02.681Z]    🔢 ZERO VALUE DETECTED: days_to_close = 0 (will be synced)
[2025-10-29T23:02:02.682Z]    💾 SYNC: days_to_close = "0" (string) → "0" (number)
[2025-10-29T23:02:02.695Z]    🔢 ZERO VALUE DETECTED: hs_closed_amount = 0 (will be synced)
[2025-10-29T23:02:02.696Z]    💾 SYNC: hs_closed_amount = "0" (string) → "0" (number)
[2025-10-29T23:02:02.696Z]    🔢 ZERO VALUE DETECTED: hs_closed_amount_in_home_currency = 0 (will be synced)
[2025-10-29T23:02:02.698Z]    💾 SYNC: hs_closed_amount_in_home_currency = "0" (string) → "0" (number)
[2025-10-29T23:02:02.698Z]    🔢 ZERO VALUE DETECTED: hs_closed_deal_close_date = 0 (will be synced)
[2025-10-29T23:02:02.699Z]    💾 SYNC: hs_closed_deal_close_date = "0" (string) → "0" (number)
[2025-10-29T23:02:02.699Z]    🔢 ZERO VALUE DETECTED: hs_closed_deal_create_date = 0 (will be synced)
[2025-10-29T23:02:02.700Z]    💾 SYNC: hs_closed_deal_create_date = "0" (string) → "0" (number)
[2025-10-29T23:02:02.700Z]    🔢 ZERO VALUE DETECTED: hs_closed_won_count = 0 (will be synced)
[2025-10-29T23:02:02.707Z]    💾 SYNC: hs_closed_won_count = "0" (string) → "0" (number)
[2025-10-29T23:02:02.708Z]    🔢 ZERO VALUE DETECTED: hs_days_to_close_raw = 0 (will be synced)
[2025-10-29T23:02:02.708Z]    💾 SYNC: hs_days_to_close_raw = "0" (string) → "0" (number)
[2025-10-29T23:02:02.711Z]    🔢 ZERO VALUE DETECTED: hs_is_closed_count = 0 (will be synced)
[2025-10-29T23:02:02.712Z]    💾 SYNC: hs_is_closed_count = "0" (string) → "0" (number)
[2025-10-29T23:02:02.721Z]    🔢 ZERO VALUE DETECTED: hs_num_associated_active_deal_registrations = 0 (will be synced)
[2025-10-29T23:02:02.721Z]    💾 SYNC: hs_num_associated_active_deal_registrations = "0" (string) → "0" (number)
[2025-10-29T23:02:02.722Z]    🔢 ZERO VALUE DETECTED: hs_num_associated_deal_registrations = 0 (will be synced)
[2025-10-29T23:02:02.722Z]    💾 SYNC: hs_num_associated_deal_registrations = "0" (string) → "0" (number)
[2025-10-29T23:02:02.722Z]    🔢 ZERO VALUE DETECTED: hs_num_associated_deal_splits = 0 (will be synced)
[2025-10-29T23:02:02.723Z]    💾 SYNC: hs_num_associated_deal_splits = "0" (string) → "0" (number)
[2025-10-29T23:02:02.724Z]    🔢 ZERO VALUE DETECTED: hs_num_of_associated_line_items = 0 (will be synced)
[2025-10-29T23:02:02.725Z]    💾 SYNC: hs_num_of_associated_line_items = "0" (string) → "0" (number)
[2025-10-29T23:02:02.725Z]    🔢 ZERO VALUE DETECTED: hs_num_target_accounts = 0 (will be synced)
[2025-10-29T23:02:02.726Z]    💾 SYNC: hs_num_target_accounts = "0" (string) → "0" (number)
[2025-10-29T23:02:02.726Z]    🔢 ZERO VALUE DETECTED: hs_number_of_call_engagements = 0 (will be synced)
[2025-10-29T23:02:02.726Z]    💾 SYNC: hs_number_of_call_engagements = "0" (string) → "0" (number)
[2025-10-29T23:02:02.726Z]    🔢 ZERO VALUE DETECTED: hs_number_of_inbound_calls = 0 (will be synced)
[2025-10-29T23:02:02.727Z]    💾 SYNC: hs_number_of_inbound_calls = "0" (string) → "0" (number)
[2025-10-29T23:02:02.727Z]    🔢 ZERO VALUE DETECTED: hs_number_of_outbound_calls = 0 (will be synced)
[2025-10-29T23:02:02.728Z]    💾 SYNC: hs_number_of_outbound_calls = "0" (string) → "0" (number)
[2025-10-29T23:02:02.728Z]    🔢 ZERO VALUE DETECTED: hs_number_of_overdue_tasks = 0 (will be synced)
[2025-10-29T23:02:02.728Z]    💾 SYNC: hs_number_of_overdue_tasks = "0" (string) → "0" (number)
[2025-10-29T23:02:02.734Z]    💾 SYNC: hs_projected_amount = "" (string) → "" (string)
[2025-10-29T23:02:02.734Z]    💾 SYNC: hs_projected_amount_in_home_currency = "" (string) → "" (string)
[2025-10-29T23:02:02.753Z] ✅ Saved deals 338269340891 (85 fields, 17 zero values)
[2025-10-29T23:02:02.755Z]    💾 SYNC: adjusted_amount = "100.0000000000000055511151231257827021181583404541015625000" (string) → "100" (number)
[2025-10-29T23:02:02.757Z]    🔢 ZERO VALUE DETECTED: days_to_close = 0 (will be synced)
[2025-10-29T23:02:02.758Z]    💾 SYNC: days_to_close = "0" (string) → "0" (number)
[2025-10-29T23:02:02.771Z]    🔢 ZERO VALUE DETECTED: hs_closed_amount = 0 (will be synced)
[2025-10-29T23:02:02.772Z]    💾 SYNC: hs_closed_amount = "0" (string) → "0" (number)
[2025-10-29T23:02:02.773Z]    🔢 ZERO VALUE DETECTED: hs_closed_amount_in_home_currency = 0 (will be synced)
[2025-10-29T23:02:02.773Z]    💾 SYNC: hs_closed_amount_in_home_currency = "0" (string) → "0" (number)
[2025-10-29T23:02:02.773Z]    🔢 ZERO VALUE DETECTED: hs_closed_deal_close_date = 0 (will be synced)
[2025-10-29T23:02:02.774Z]    💾 SYNC: hs_closed_deal_close_date = "0" (string) → "0" (number)
[2025-10-29T23:02:02.774Z]    🔢 ZERO VALUE DETECTED: hs_closed_deal_create_date = 0 (will be synced)
[2025-10-29T23:02:02.775Z]    💾 SYNC: hs_closed_deal_create_date = "0" (string) → "0" (number)
[2025-10-29T23:02:02.775Z]    🔢 ZERO VALUE DETECTED: hs_closed_won_count = 0 (will be synced)
[2025-10-29T23:02:02.776Z]    💾 SYNC: hs_closed_won_count = "0" (string) → "0" (number)
[2025-10-29T23:02:02.777Z]    🔢 ZERO VALUE DETECTED: hs_days_to_close_raw = 0 (will be synced)
[2025-10-29T23:02:02.778Z]    💾 SYNC: hs_days_to_close_raw = "0" (string) → "0" (number)
[2025-10-29T23:02:02.781Z]    🔢 ZERO VALUE DETECTED: hs_is_closed_count = 0 (will be synced)
[2025-10-29T23:02:02.782Z]    💾 SYNC: hs_is_closed_count = "0" (string) → "0" (number)
[2025-10-29T23:02:02.791Z]    🔢 ZERO VALUE DETECTED: hs_num_associated_active_deal_registrations = 0 (will be synced)
[2025-10-29T23:02:02.792Z]    💾 SYNC: hs_num_associated_active_deal_registrations = "0" (string) → "0" (number)
[2025-10-29T23:02:02.792Z]    🔢 ZERO VALUE DETECTED: hs_num_associated_deal_registrations = 0 (will be synced)
[2025-10-29T23:02:02.792Z]    💾 SYNC: hs_num_associated_deal_registrations = "0" (string) → "0" (number)
[2025-10-29T23:02:02.792Z]    🔢 ZERO VALUE DETECTED: hs_num_associated_deal_splits = 0 (will be synced)
[2025-10-29T23:02:02.793Z]    💾 SYNC: hs_num_associated_deal_splits = "0" (string) → "0" (number)
[2025-10-29T23:02:02.793Z]    🔢 ZERO VALUE DETECTED: hs_num_of_associated_line_items = 0 (will be synced)
[2025-10-29T23:02:02.794Z]    💾 SYNC: hs_num_of_associated_line_items = "0" (string) → "0" (number)
[2025-10-29T23:02:02.794Z]    🔢 ZERO VALUE DETECTED: hs_num_target_accounts = 0 (will be synced)
[2025-10-29T23:02:02.795Z]    💾 SYNC: hs_num_target_accounts = "0" (string) → "0" (number)
[2025-10-29T23:02:02.795Z]    🔢 ZERO VALUE DETECTED: hs_number_of_call_engagements = 0 (will be synced)
[2025-10-29T23:02:02.795Z]    💾 SYNC: hs_number_of_call_engagements = "0" (string) → "0" (number)
[2025-10-29T23:02:02.796Z]    🔢 ZERO VALUE DETECTED: hs_number_of_inbound_calls = 0 (will be synced)
[2025-10-29T23:02:02.796Z]    💾 SYNC: hs_number_of_inbound_calls = "0" (string) → "0" (number)
[2025-10-29T23:02:02.796Z]    🔢 ZERO VALUE DETECTED: hs_number_of_outbound_calls = 0 (will be synced)
[2025-10-29T23:02:02.797Z]    💾 SYNC: hs_number_of_outbound_calls = "0" (string) → "0" (number)
[2025-10-29T23:02:02.797Z]    🔢 ZERO VALUE DETECTED: hs_number_of_overdue_tasks = 0 (will be synced)
[2025-10-29T23:02:02.798Z]    💾 SYNC: hs_number_of_overdue_tasks = "0" (string) → "0" (number)
[2025-10-29T23:02:02.803Z]    💾 SYNC: hs_projected_amount = "" (string) → "" (string)
[2025-10-29T23:02:02.804Z]    💾 SYNC: hs_projected_amount_in_home_currency = "" (string) → "" (string)
[2025-10-29T23:02:02.822Z] ✅ Saved deals 342351018225 (85 fields, 17 zero values)
[2025-10-29T23:02:02.824Z]    💾 SYNC: adjusted_amount = "299.999999999999988897769753748434595763683319091796875000" (string) → "300" (number)
[2025-10-29T23:02:02.826Z]    🔢 ZERO VALUE DETECTED: days_to_close = 0 (will be synced)
[2025-10-29T23:02:02.827Z]    💾 SYNC: days_to_close = "0" (string) → "0" (number)
[2025-10-29T23:02:02.838Z]    🔢 ZERO VALUE DETECTED: hs_closed_amount = 0 (will be synced)
[2025-10-29T23:02:02.839Z]    💾 SYNC: hs_closed_amount = "0" (string) → "0" (number)
[2025-10-29T23:02:02.839Z]    🔢 ZERO VALUE DETECTED: hs_closed_amount_in_home_currency = 0 (will be synced)
[2025-10-29T23:02:02.840Z]    💾 SYNC: hs_closed_amount_in_home_currency = "0" (string) → "0" (number)
[2025-10-29T23:02:02.840Z]    🔢 ZERO VALUE DETECTED: hs_closed_deal_close_date = 0 (will be synced)
[2025-10-29T23:02:02.841Z]    💾 SYNC: hs_closed_deal_close_date = "0" (string) → "0" (number)
[2025-10-29T23:02:02.841Z]    🔢 ZERO VALUE DETECTED: hs_closed_deal_create_date = 0 (will be synced)
[2025-10-29T23:02:02.842Z]    💾 SYNC: hs_closed_deal_create_date = "0" (string) → "0" (number)
[2025-10-29T23:02:02.842Z]    🔢 ZERO VALUE DETECTED: hs_closed_won_count = 0 (will be synced)
[2025-10-29T23:02:02.842Z]    💾 SYNC: hs_closed_won_count = "0" (string) → "0" (number)
[2025-10-29T23:02:02.843Z]    🔢 ZERO VALUE DETECTED: hs_days_to_close_raw = 0 (will be synced)
[2025-10-29T23:02:02.844Z]    💾 SYNC: hs_days_to_close_raw = "0" (string) → "0" (number)
[2025-10-29T23:02:02.847Z]    🔢 ZERO VALUE DETECTED: hs_is_closed_count = 0 (will be synced)
[2025-10-29T23:02:02.848Z]    💾 SYNC: hs_is_closed_count = "0" (string) → "0" (number)
[2025-10-29T23:02:02.856Z]    🔢 ZERO VALUE DETECTED: hs_num_associated_active_deal_registrations = 0 (will be synced)
[2025-10-29T23:02:02.857Z]    💾 SYNC: hs_num_associated_active_deal_registrations = "0" (string) → "0" (number)
[2025-10-29T23:02:02.857Z]    🔢 ZERO VALUE DETECTED: hs_num_associated_deal_registrations = 0 (will be synced)
[2025-10-29T23:02:02.858Z]    💾 SYNC: hs_num_associated_deal_registrations = "0" (string) → "0" (number)
[2025-10-29T23:02:02.858Z]    🔢 ZERO VALUE DETECTED: hs_num_associated_deal_splits = 0 (will be synced)
[2025-10-29T23:02:02.859Z]    💾 SYNC: hs_num_associated_deal_splits = "0" (string) → "0" (number)
[2025-10-29T23:02:02.859Z]    🔢 ZERO VALUE DETECTED: hs_num_of_associated_line_items = 0 (will be synced)
[2025-10-29T23:02:02.859Z]    💾 SYNC: hs_num_of_associated_line_items = "0" (string) → "0" (number)
[2025-10-29T23:02:02.859Z]    🔢 ZERO VALUE DETECTED: hs_num_target_accounts = 0 (will be synced)
[2025-10-29T23:02:02.860Z]    💾 SYNC: hs_num_target_accounts = "0" (string) → "0" (number)
[2025-10-29T23:02:02.860Z]    🔢 ZERO VALUE DETECTED: hs_number_of_call_engagements = 0 (will be synced)
[2025-10-29T23:02:02.861Z]    💾 SYNC: hs_number_of_call_engagements = "0" (string) → "0" (number)
[2025-10-29T23:02:02.861Z]    🔢 ZERO VALUE DETECTED: hs_number_of_inbound_calls = 0 (will be synced)
[2025-10-29T23:02:02.862Z]    💾 SYNC: hs_number_of_inbound_calls = "0" (string) → "0" (number)
[2025-10-29T23:02:02.862Z]    🔢 ZERO VALUE DETECTED: hs_number_of_outbound_calls = 0 (will be synced)
[2025-10-29T23:02:02.862Z]    💾 SYNC: hs_number_of_outbound_calls = "0" (string) → "0" (number)
[2025-10-29T23:02:02.862Z]    🔢 ZERO VALUE DETECTED: hs_number_of_overdue_tasks = 0 (will be synced)
[2025-10-29T23:02:02.863Z]    💾 SYNC: hs_number_of_overdue_tasks = "0" (string) → "0" (number)
[2025-10-29T23:02:02.868Z]    💾 SYNC: hs_projected_amount = "" (string) → "" (string)
[2025-10-29T23:02:02.868Z]    💾 SYNC: hs_projected_amount_in_home_currency = "" (string) → "" (string)
[2025-10-29T23:02:02.887Z] ✅ Saved deals 343804001478 (80 fields, 17 zero values)
[2025-10-29T23:02:02.889Z]    💾 SYNC: adjusted_amount = "100.0000000000000055511151231257827021181583404541015625000" (string) → "100" (number)
[2025-10-29T23:02:02.891Z]    🔢 ZERO VALUE DETECTED: days_to_close = 0 (will be synced)
[2025-10-29T23:02:02.892Z]    💾 SYNC: days_to_close = "0" (string) → "0" (number)
[2025-10-29T23:02:02.906Z]    🔢 ZERO VALUE DETECTED: hs_closed_amount = 0 (will be synced)
[2025-10-29T23:02:02.907Z]    💾 SYNC: hs_closed_amount = "0" (string) → "0" (number)
[2025-10-29T23:02:02.907Z]    🔢 ZERO VALUE DETECTED: hs_closed_amount_in_home_currency = 0 (will be synced)
[2025-10-29T23:02:02.907Z]    💾 SYNC: hs_closed_amount_in_home_currency = "0" (string) → "0" (number)
[2025-10-29T23:02:02.908Z]    🔢 ZERO VALUE DETECTED: hs_closed_deal_close_date = 0 (will be synced)
[2025-10-29T23:02:02.908Z]    💾 SYNC: hs_closed_deal_close_date = "0" (string) → "0" (number)
[2025-10-29T23:02:02.908Z]    🔢 ZERO VALUE DETECTED: hs_closed_deal_create_date = 0 (will be synced)
[2025-10-29T23:02:02.909Z]    💾 SYNC: hs_closed_deal_create_date = "0" (string) → "0" (number)
[2025-10-29T23:02:02.909Z]    🔢 ZERO VALUE DETECTED: hs_closed_won_count = 0 (will be synced)
[2025-10-29T23:02:02.910Z]    💾 SYNC: hs_closed_won_count = "0" (string) → "0" (number)
[2025-10-29T23:02:02.911Z]    🔢 ZERO VALUE DETECTED: hs_days_to_close_raw = 0 (will be synced)
[2025-10-29T23:02:02.912Z]    💾 SYNC: hs_days_to_close_raw = "0" (string) → "0" (number)
[2025-10-29T23:02:02.916Z]    🔢 ZERO VALUE DETECTED: hs_is_closed_count = 0 (will be synced)
[2025-10-29T23:02:02.917Z]    💾 SYNC: hs_is_closed_count = "0" (string) → "0" (number)
[2025-10-29T23:02:02.928Z]    🔢 ZERO VALUE DETECTED: hs_num_associated_active_deal_registrations = 0 (will be synced)
[2025-10-29T23:02:02.929Z]    💾 SYNC: hs_num_associated_active_deal_registrations = "0" (string) → "0" (number)
[2025-10-29T23:02:02.929Z]    🔢 ZERO VALUE DETECTED: hs_num_associated_deal_registrations = 0 (will be synced)
[2025-10-29T23:02:02.930Z]    💾 SYNC: hs_num_associated_deal_registrations = "0" (string) → "0" (number)
[2025-10-29T23:02:02.930Z]    🔢 ZERO VALUE DETECTED: hs_num_associated_deal_splits = 0 (will be synced)
[2025-10-29T23:02:02.931Z]    💾 SYNC: hs_num_associated_deal_splits = "0" (string) → "0" (number)
[2025-10-29T23:02:02.932Z]    🔢 ZERO VALUE DETECTED: hs_num_of_associated_line_items = 0 (will be synced)
[2025-10-29T23:02:02.932Z]    💾 SYNC: hs_num_of_associated_line_items = "0" (string) → "0" (number)
[2025-10-29T23:02:02.933Z]    🔢 ZERO VALUE DETECTED: hs_num_target_accounts = 0 (will be synced)
[2025-10-29T23:02:02.933Z]    💾 SYNC: hs_num_target_accounts = "0" (string) → "0" (number)
[2025-10-29T23:02:02.934Z]    🔢 ZERO VALUE DETECTED: hs_number_of_call_engagements = 0 (will be synced)
[2025-10-29T23:02:02.934Z]    💾 SYNC: hs_number_of_call_engagements = "0" (string) → "0" (number)
[2025-10-29T23:02:02.934Z]    🔢 ZERO VALUE DETECTED: hs_number_of_inbound_calls = 0 (will be synced)
[2025-10-29T23:02:02.935Z]    💾 SYNC: hs_number_of_inbound_calls = "0" (string) → "0" (number)
[2025-10-29T23:02:02.935Z]    🔢 ZERO VALUE DETECTED: hs_number_of_outbound_calls = 0 (will be synced)
[2025-10-29T23:02:02.936Z]    💾 SYNC: hs_number_of_outbound_calls = "0" (string) → "0" (number)
[2025-10-29T23:02:02.936Z]    🔢 ZERO VALUE DETECTED: hs_number_of_overdue_tasks = 0 (will be synced)
[2025-10-29T23:02:02.937Z]    💾 SYNC: hs_number_of_overdue_tasks = "0" (string) → "0" (number)
[2025-10-29T23:02:02.942Z]    💾 SYNC: hs_projected_amount = "" (string) → "" (string)
[2025-10-29T23:02:02.942Z]    💾 SYNC: hs_projected_amount_in_home_currency = "" (string) → "" (string)
[2025-10-29T23:02:02.962Z] ✅ Saved deals 337438313703 (85 fields, 17 zero values)
[2025-10-29T23:02:02.963Z]    ✅ Batch 4 complete: 384 deals synced so far

[2025-10-29T23:02:03.463Z] ✅ Association-based deal sync complete: 384/384 deals
[2025-10-29T23:02:03.464Z] 🔗 STEP 6: Saving contact-deal associations to database...
[2025-10-29T23:02:03.464Z] 💾 Saving associations to database...
[2025-10-29T23:02:04.183Z] ✅ Associations saved: 384 new, 0 updated, 0 errors
[2025-10-29T23:02:04.184Z] 🎉 ASSOCIATION-BASED DEAL SYNC completed successfully!
[2025-10-29T23:02:04.184Z] 📊 Synced: 299 contacts, 384 deals
[2025-10-29T23:02:04.184Z] 🔗 Contact-Deal Associations: 384 new, 0 updated
[2025-10-29T23:02:04.184Z] ✨ Deals synced BEFORE associations saved (correct FK order)!
